c:\users\chenql\documents\visual studio 2013\projects\cldemo\cldemo\debug\vc120.pdb
c:\users\chenql\documents\visual studio 2013\projects\cldemo\cldemo\debug\vc120.idb
c:\users\chenql\documents\visual studio 2013\projects\cldemo\cldemo\debug\source.obj
c:\users\chenql\documents\visual studio 2013\projects\cldemo - 副本\cldemo\debug\vc120.pdb
c:\users\chenql\documents\visual studio 2013\projects\cldemo - 副本\cldemo\debug\vc120.idb
c:\users\chenql\documents\visual studio 2013\projects\cldemo - 副本\cldemo\debug\lib_ocl.obj
c:\users\chenql\documents\visual studio 2013\projects\cldemo - 副本\cldemo\debug\ocl_utils.obj
c:\users\chenql\documents\visual studio 2013\projects\cldemo - 副本\cldemo\debug\svm.obj
c:\users\chenql\documents\visual studio 2013\projects\cldemo - 副本\cldemo\debug\svmdetector.obj
c:\users\chenql\documents\visual studio 2013\projects\cldemo - 副本\cldemo\debug\main.obj
c:\users\chenql\documents\visual studio 2013\projects\cldemo\debug\cldemo.ilk
c:\users\chenql\documents\visual studio 2013\projects\cldemo\debug\cldemo.exe
c:\users\chenql\documents\visual studio 2013\projects\cldemo\debug\cldemo.pdb
c:\users\chenql\documents\visual studio 2013\projects\cldemo - 副本\debug\cldemo.ilk
c:\users\chenql\documents\visual studio 2013\projects\cldemo - 副本\debug\cldemo.exe
c:\users\chenql\documents\visual studio 2013\projects\cldemo - 副本\debug\cldemo.pdb
c:\users\chenql\documents\visual studio 2013\projects\cldemo - 副本\cldemo\debug\source.obj
c:\users\chenql\documents\visual studio 2013\projects\cldemo - 副本\cldemo\debug\cldemo.tlog\cl.command.1.tlog
c:\users\chenql\documents\visual studio 2013\projects\cldemo - 副本\cldemo\debug\cldemo.tlog\cl.read.1.tlog
c:\users\chenql\documents\visual studio 2013\projects\cldemo - 副本\cldemo\debug\cldemo.tlog\cl.write.1.tlog
c:\users\chenql\documents\visual studio 2013\projects\cldemo - 副本\cldemo\debug\cldemo.tlog\link.command.1.tlog
c:\users\chenql\documents\visual studio 2013\projects\cldemo - 副本\cldemo\debug\cldemo.tlog\link.read.1.tlog
c:\users\chenql\documents\visual studio 2013\projects\cldemo - 副本\cldemo\debug\cldemo.tlog\link.write.1.tlog
